2016/06/27 16:48:13 INFO  - jmeter.util.JMeterUtils: Setting Locale to zh_CN 
2016/06/27 16:48:13 INFO  - jmeter.JMeter: Loading user properties from: C:\Users\wangweihang\Desktop\acw\jmeter\bin\user.properties 
2016/06/27 16:48:13 INFO  - jmeter.JMeter: Loading system properties from: C:\Users\wangweihang\Desktop\acw\jmeter\bin\system.properties 
2016/06/27 16:48:13 INFO  - jmeter.JMeter: Copyright (c) 1998-2013 The Apache Software Foundation 
2016/06/27 16:48:13 INFO  - jmeter.JMeter: Version 2.9 r1437961 
2016/06/27 16:48:13 INFO  - jmeter.JMeter: java.version=1.8.0_91 
2016/06/27 16:48:13 INFO  - jmeter.JMeter: java.vm.name=Java HotSpot(TM) 64-Bit Server VM 
2016/06/27 16:48:13 INFO  - jmeter.JMeter: os.name=Windows 10 
2016/06/27 16:48:13 INFO  - jmeter.JMeter: os.arch=amd64 
2016/06/27 16:48:13 INFO  - jmeter.JMeter: os.version=10.0 
2016/06/27 16:48:13 INFO  - jmeter.JMeter: file.encoding=GBK 
2016/06/27 16:48:13 INFO  - jmeter.JMeter: Default Locale=中文 (中国) 
2016/06/27 16:48:13 INFO  - jmeter.JMeter: JMeter  Locale=中文 (中国) 
2016/06/27 16:48:13 INFO  - jmeter.JMeter: JMeterHome=C:\Users\wangweihang\Desktop\acw\jmeter 
2016/06/27 16:48:13 INFO  - jmeter.JMeter: user.dir  =C:\Users\wangweihang\Desktop\acw\jmeter\bin 
2016/06/27 16:48:13 INFO  - jmeter.JMeter: PWD       =C:\Users\wangweihang\Desktop\acw\jmeter\bin 
2016/06/27 16:48:13 INFO  - jmeter.JMeter: IP: 10.9.0.162 Name: DESKTOP-B2FJBMR FullName: DESKTOP-B2FJBMR 
2016/06/27 16:48:13 INFO  - jmeter.JMeter: Loaded icon properties from org/apache/jmeter/images/icon.properties 
2016/06/27 16:48:15 INFO  - jmeter.engine.util.CompoundVariable: Note: Function class names must contain the string: '.functions.' 
2016/06/27 16:48:15 INFO  - jmeter.engine.util.CompoundVariable: Note: Function class names must not contain the string: '.gui.' 
2016/06/27 16:48:15 INFO  - jmeter.gui.action.LookAndFeelCommand: Using look and feel: javax.swing.plaf.metal.MetalLookAndFeel [Metal, CrossPlatform] 
2016/06/27 16:48:16 INFO  - jmeter.util.BSFTestElement: Registering JMeter version of JavaScript engine as work-round for BSF-22 
2016/06/27 16:48:16 INFO  - jmeter.protocol.http.sampler.HTTPSamplerBase: Cannot find .className property for htmlParser, using default 
2016/06/27 16:48:16 INFO  - jmeter.protocol.http.sampler.HTTPSamplerBase: Parser for text/html is  
2016/06/27 16:48:16 INFO  - jmeter.protocol.http.sampler.HTTPSamplerBase: Parser for application/xhtml+xml is  
2016/06/27 16:48:16 INFO  - jmeter.protocol.http.sampler.HTTPSamplerBase: Parser for application/xml is  
2016/06/27 16:48:16 INFO  - jmeter.protocol.http.sampler.HTTPSamplerBase: Parser for text/xml is  
2016/06/27 16:48:16 INFO  - jmeter.protocol.http.sampler.HTTPSamplerBase: Parser for text/vnd.wap.wml is org.apache.jmeter.protocol.http.parser.RegexpHTMLParser 
2016/06/27 16:48:16 INFO  - jmeter.protocol.http.sampler.HTTPSamplerBase: Reuse SSL session context on subsequent iterations: true 
2016/06/27 16:48:17 INFO  - jmeter.samplers.SampleResult: Note: Sample TimeStamps are START times 
2016/06/27 16:48:17 INFO  - jmeter.samplers.SampleResult: sampleresult.default.encoding is set to ISO-8859-1 
2016/06/27 16:48:17 INFO  - jmeter.samplers.SampleResult: sampleresult.useNanoTime=true 
2016/06/27 16:48:17 INFO  - jmeter.samplers.SampleResult: sampleresult.nanoThreadSleep=5000 
2016/06/27 16:48:26 INFO  - jmeter.services.FileServer: Default base='C:\Users\wangweihang\Desktop\acw\jmeter\bin' 
2016/06/27 16:48:26 INFO  - jmeter.gui.action.Load: Loading file: C:\Users\wangweihang\Desktop\acw\jmeter\test_TCP.jmx 
2016/06/27 16:48:26 INFO  - jmeter.services.FileServer: Set new base='C:\Users\wangweihang\Desktop\acw\jmeter' 
2016/06/27 16:48:26 INFO  - jmeter.save.SaveService: Testplan (JMX) version: 2.2. Testlog (JTL) version: 2.2 
2016/06/27 16:48:26 INFO  - jmeter.save.SaveService: Using SaveService properties file encoding UTF-8 
2016/06/27 16:48:26 INFO  - jmeter.save.SaveService: Using SaveService properties file version 1427507 
2016/06/27 16:48:26 INFO  - jmeter.save.SaveService: Using SaveService properties version 2.4 
2016/06/27 16:48:26 INFO  - jmeter.save.SaveService: All converter versions present and correct 
2016/06/27 16:48:27 INFO  - jmeter.services.FileServer: Set new base='C:\Users\wangweihang\Desktop\acw\jmeter' 
