=============================
2017.6.19
	deploy:5.0.0
	1.电桩上传消费记录账户有误时的容错处理
	2.带VIN码消费记录下行类型修改
=============================
2017.6.15
	deploy:4.2.23
	1.消费记录金额和费率位数升级（4位）
	2.消费记录开始SOC和结束SOC增加
	3.轮充和定时等待状态增加
	4.实时充电增加车辆识别码
=============================
2017.5.23
	deploy:4.2.21
	1.断网充电消费记录表枪口状态修改
	2.按选择的桩号升级电桩
	3.定时充电功能实现
	4.充电判断条件修改
=============================
2017.5.12
	deploy:4.2.20
	1.合作方充电过滤功能实现
	2.订单重复和多次退款BUG修复
=============================
2017.4.26
	deploy:4.2.19
	1.西安一卡通刷卡订单未保存BUG修复
	2.微信支付充电功能实现
=============================
2017.4.14
	deploy:4.2.18
	1.商家帐号资金池阀值告警表判断逻辑修改
=============================
2017.4.11
	deploy:4.2.17
	1.等待插枪超时异常BUG修复
=============================
2017.3.31
	deploy:4.2.16
	1.修改充电失败重启电桩造成两次退钱BUG
=============================
2017.3.30
	deploy:4.2.15
	1.修改没有优惠的预付费充电，服务费率等于0
=============================
2017.3.29
	deploy:4.2.14
	1.处理全零VINCODE
=============================
2017.3.29
	deploy:4.2.13
	1.打印电桩解包异常的调用堆栈日志
=============================
2017.3.28
	deploy:4.2.12
	1.修改没有优惠的预付费充电，充电总额等于0
=============================
2017.3.24
	deploy:4.2.11
	1.VIN码结算,优惠券订单数字BUG修订
	2.e充网日志代码优化
=============================
2017.3.17
	deploy:4.2.10
	1.临时充电
=============================
2017.3.17
	deploy:4.2.9
	1.修改结算订单，支持当前充电的情况下结算历史订单
=============================
2017.3.16
	deploy:4.2.8
	1.更新动账日志
=============================
2017.3.16
	deploy:4.2.7
	1.充电事件后付费还回1,不存在还回3
=============================
2017.3.16
	deploy:4.2.6
	1.修改有同电桩编码的新连接顶替老连接，会有机率导致数据库通讯状态和真实状态不一致
=============================
2017.3.16
	deploy:4.2.5
	1. 修改不能临时结算
	2. 曹操专车未插枪拒绝充电
	3. 修改电桩命令重发
=============================
2017.3.14
	deploy:4.2.4
	1. 修改e组网停止充电事件异常导致订单不能结算
=============================
2017.3.14
	deploy:4.2.3
	1. 修改电桩充电对象缓存被清除;在重新装载充电缓存的地方没有装载订单的主键，导致多写入一条订单
=============================
2017.3.14
	deploy:4.2.2
    1.修改卡充电,手机不能收到实时数据
=============================
2017.3.13
	deploy:4.2.1
	1.曹操专车增加等待状态
        2.修改手机消费结算推送充电金额错误问题
=============================
2017.2.14
	deploy:4.1.2
	1.修改结算时充电状态判断（等待充电状态值大于结算状态值）
=============================
2016.1.16
	deploy:4.1.1
	2.新订单规则，10位时间戳+枪主键后5位(不足前面补0)+用户主键后6位(不足前面补0)，22位订单编号还原为21位订单编号
=============================
2016.1.16
	deploy:4.1.0
	1.电桩轮充场景,增加枪等待状态
	2.新订单规则，10位时间戳+枪主键后6位(不足前面补0)+用户主键后6位(不足前面补0)
=============================
2016.12.27
	deploy:4.0.14
	1.读取不到告警信息，增加默认值
=============================
2016.12.26
	deploy:4.0.11
	1.优化充电结算，先充电事件失败，然后充电事件成功
=============================
2016.12.26
	deploy:4.0.10
	1.修改订单编号规则，确保没有字母(10位时间+用户ID+随机数)
=============================
2016.12.23
	deploy:4.0.9
	1.修改合作公共储蓄卡不能刷私有桩
=============================
2016.12.22
	deploy:4.0.8
	1.北汽出行招行卡订单记录组织编号
=============================
2016.12.22
	deploy:4.0.7
	1.短消息通知
	2.极光推送单元测试
	3.消费记录消费记录为0
	4.修改大用户余额告警读取到已经被删除的记录
=============================
2016.12.21
	deploy:4.0.6
	1.通道管理封装，手机和电桩适用
	2.北汽出行
=============================
2016.12.14
	deploy:4.0.5
	1.修改单桩远程升级
	2.用户系统，大用户告警
	3.以及极光推送
=============================
2016.12.9
	deploy:4.0.4
	1.修改普通卡不能刷私有桩
	2.修改类型11的卡不能多充
=============================
2016.12.9
	deploy:4.0.3
	1.修改类型11的卡充电，手机不能进入实时界面
	2.优化电桩连接初始化的代码
=============================
2016.12.8
	deploy:4.0.2
	1.修改合作用户扣钱失败
	2.VIN码去掉首尾0x00
=============================
2016.12.6
	deploy:4.0.1
	1.修改临时结算没有短信通知
	2.普通用户可以通过手机观察普通专属卡发起的充电
	3.普通用户和合作商户分别扣钱
=============================
2016.12.6
	deploy:4.0.0
	1.解耦枪对象用户和充电预约对象，具备多充和临时结算条件
	2.协议版本统计
	3.手机协议增加枪与车状态
	4.临时结算
	5.VIN码取掉首尾的0xFF,VIN码=“”，不查数据库
	6.修改检查消费记录参数错误
	7.短信平台迁移
	8.修改BMS过压/欠压告警测点设置值问题
	9.爱充合作公共储蓄卡，爱充合作专属储蓄卡，爱充企业储蓄卡多充以及专属范围多充

=============================
2016.11.2
	deploy:3.2.5
	1.修改后台下发费率
	2.修改实时数据打印单价小数位错误

=============================
2016.10.27
	deploy:3.2.4
	1.修改取优惠券错误
=============================
2016.10.27
	deploy:3.2.3
	1.修改协议帧判断
=============================
2016.10.25
	deploy:3.2.2
	1.3.2.2需求
	2.整理日志
=============================
2016.9.9
	deploy:3.1.2
	1.tbl_activity表的act_BiginDate改成act_BeginDate
	2.增加充电事件失败原因打印
=============================
2016.9.8
	deploy:3.1.1
	1.修改给邀请者送券
=============================
2016.8.31
	deploy:3.1.0
	1.3.1需求
	2.修改集中器下的电桩升级
=============================
=============================
2016.8.11
	deploy:3.0.20
	1.修改停车办签名算法，停车办端口和方法，经常变化都做成配置
=============================
2016.8.10
	deploy:3.0.19
	1.地锁状态实时上报监控
=============================
2016.8.8
	deploy:3.0.17
	1.整理发送给监控实时数据
	2.临时保留空闲状态下的输出电流,英飞源电流过负测试
=============================
2016.8.8
	deploy:3.0.16
	1.整理远程升级日志.
=============================
2016.8.5
	deploy:3.0.15
	1.直流机给手机发实时数据没有控制频率.
=============================
2016.8.4
	deploy:3.0.14
	1.优化日志,方便脚本查找.
	2.优化定时更新费率
=============================
2016.8.2
	deploy:3.0.13
	1.直流桩上报预约状态太慢，在预约锁定后，3分钟之内不根据空闲状态取消预约.
=============================
2016.8.2
	deploy:3.0.12
	1.修改预约失败后给API应答出现异常的情况.
	2.直流充电结束后,给监控发送数据的时候，没有清空已充度数，导致下一次充电的第一个数据包有很大的值
=============================
2016.7.20
	deploy:3.0.11
	1.修改停车办消息发送检查函数.
=============================
2016.7.29
	deploy:3.0.10
	1.针对2.3版本的电桩,预约和充电指令不重发.
=============================
2016.7.29
	deploy:3.0.9
	1.修改重发配置.
=============================
2016.7.26
	deploy:3.0.8
	1.优化生成识别码流程
	2.重启服务器，手机不能进入实时数据界面
	3.电桩消息重发时间可配，重发开关.
=============================
2016.7.26
	deploy:3.0.7
	1.用户冻结状态下,预约充电错误码,使用6405，而不是6404错误编码
	2.修改重发机制，第一次实时发送，重发的消息用线程去发送
=============================
2016.7.26
	deploy:3.0.6
	1.启动一个线程来来重发消息
=============================
2016.7.26
	deploy:3.0.4
	1.电桩超时判断
	2.侦听服务可以指定工作者线程数
=============================
2016.7.22
	deploy:3.0.3
	1.预约手机收不到应答
=============================
2016.7.22
	deploy:3.0.2
	1.先付费范围卡在专属桩上冻结金额失败
	2.电桩初始化的GateId没赋值
	3.修改读取电桩历史消费记录,ram内存信息的协议
=============================
2016.7.21
	deploy:3.0.1
	1.3.0需求
	2.重发
	3.电桩通讯协议4.0版本每个指令带CRC校验，时标
	4.兼容通讯协议3.0
	5.netty开源库退回到4.1.1版本
=============================
2016.6.23
	deploy:2.3.15
	1.费率更新时间读配置【GameConfig.properties文件中rateUpdateTime】，在启动10分钟内，等第二天扫描数据库
=============================
2016.6.21
	deploy:2.3.14
	1.电桩整包遥测遥信数据转到监控，数据错误
=============================
2016.6.16
	deploy:2.3.13
	1.电桩状态有一定时间延迟，根据状态来取消预约，必须在预约超时时间之后
=============================
2016.6.17
	deploy:2.3.11
	1.修改大账户用户冻结后依旧可以进行刷卡充电
=============================
2016.6.16
	deploy:2.3.10
	1.放弃充电没有清掉用户信息.
=============================
2016.6.16
	deploy:2.3.9
	1.续约没有支付模式，使用预约缓存对象的支付模式.
=============================
2016.6.14
	deploy:2.3.8
	1.修正后付费订单结束时间.
=============================
2016.6.14
	deploy:2.3.7
	1.充电命令超时判断.
	2.后付费预约完成修改状态为(7:完成未支付)
	3.充电订单数据异常订单改为(4:完成数据异常)
=============================
2016.6.12
	deploy:2.3.6
	1.整理扣钱.
=============================
2016.6.8
	deploy:2.3.4
	1.修改充电命令(不是充电事件失败)超时不能退钱.
=============================
2016.6.8
	deploy:2.3.3
	1.预约的付费标识BUG.
=============================
2016.6.8
	deploy:2.3.2
	1.调整测试工具的调试信息.
	2.API合作伙伴标识和预付费标识
=============================
2016.6.7
	deploy:2.3.1
	1.API接口增加预付费模式.
=============================
2016.6.6
	deploy:2.2.2
	1.续约后重置15分钟告警标识.
=============================
2016.6.6
	deploy:2.2.1
	1.用户刷卡充电未结束再用app扫码充电建议修改提示语
	2.预冻结预约，没有写消费记录
	
=============================
2016.6.6
	deploy:2.1.33
	1.预付费卡没有冻结金额.
	2.处理消费记录处理过程中，处理数据库异常，不能因为其中的一条数据库异常影响后续操作
	3.修改卡充电，手机不能进入实时界面
=============================
2016.6.3
	deploy:2.1.31
	1.修改卡充电，手机不能进入实时界面.
	2.电池生产时间在电桩传0的情况下默认为1985-1-1
=============================
2016.6.3
	1.api接口没上组织编号和预付费模式，API预约和充电固定为爱充模式
=============================
2016.6.1
	1，增加电源模块数据到数据库
	2.增加车端数据到数据库
=============================
2016.5.27
	1.从API开始的电桩使用命令加入合作伙伴标识和预付费标识(API接口暂时写死)
	2.二维码识别码
=============================
2016.5.24
	1.根据状态变化的预约判断预约成功没有给前段响应
=============================
2016.5.23
	1.消费记录充电费用和服务费异常大或者小于零
	2.电桩状态不能写进数据库
=============================
2016.5.21
	1.手机增加一个协议，【新版新连接充电桩】
=============================
2016.5.21
	1.整理用户
=============================
2016.5.20
	1.只有在状态变化的时候才修改枪状态
	2.报文事件和状态的变化修改预约和缓存对象，处理预约和充电事件不修改枪的状态
	3.消费记录重复发的时候，要取得数据库订单状态判断是否已经处理
=============================
2016.5.13	
	1.1卡不能多充的提示原因
	2.故障后预约恢复不判断老的工作状态
=============================
2016.5.12	
	1.增加查询电桩业务、远端设备信号
	2.内部监控增加查询电桩和集中器信息
	3.增加预约和开始充电命令超时判断
	4.修改P56TIME时间转换
	5.修改实时数据信息打印

=============================
2016.5.9	
	1.监控数据在状态变化的时候上传
	2.交流桩整包数据，变化数据上传到监控
=============================
2016.5.9	
	1.监控数据在状态变化的时候上传
	2.交流桩整包数据，变化数据上传到监控
=============================
2016.5.6	
	1.增加电桩初始化状态，避免重启后去掉预约
=============================
2016.5.4	
	1.充电中，修改手机上的度数放大了10倍
	2.重新修改状态处理函数
=============================
2016.5.3	
	1.监控的TCP客户端重连接
=============================
2016.5.3	
	1.去掉手机连接中交直流类型
=============================
2016.4.29
	1.集中器充电，在监控不能显示SOC
=============================
2016.4.28
	1.集中器接入
	2.修改充电状态
=============================
2016.4.25
	1.修改集中器接入
=============================
2016.4.20
	1.修改使用后付费卡充电，该充电订单的充电时间、度数、金额没有累加到枪头表中
=============================
2016.4.19
	1.修改远程升级
	2.修改充电时APP实时界面部分充电数据为0
	3.修改枪口为远程升级状态时阻止预约和充电，返回正在升级错误
=============================
2016.4.18
	1.增加新版交流整包数据检查
    2.更新充电信息
    3.修改初始化充电信息，增加卡充电时初始化充电信息
    4.增加手动清除用户内存信息（删除绑定的枪口）

=============================
2016.4.14
	1.手机初始化连接增加交直流类型
=============================
2016.4.14(提交测试组测试)
	1.修改远程升级
	2.修改实时数据描述打印输出
	3.手动清除内存充电和预约信息时清除用户信息
	4.修改实时监控通讯重连部分
=============================
2016.4.11
	1.新版遥信遥测
	2.实时监控
	3.公共库里的具体解码类和消息对象提到应用层
=============================
2016.3.31
        1.按2.1.0迭代产品需求说明修改远程升级功能
=============================
2016.3.31
        1.按2.1.0迭代产品需求说明修改远程升级功能
=============================
2016.3.31
	1.新版遥信遥测
=============================

2016.3.23
	1.修复API充电，没有应答
	2.充电模式状态下，不能预约
	3.电桩在初始化的时候都通知API，电桩gateid,都发生变化
=============================
2016.3.24
        1.修改结束充电成功后返回1
        2.修改解释直流整包数据时判断整包长度,小于要求长度直接返回不处理
=============================
2016.3.23
	1.修复API充电，没有应答
=============================
2016.3.18
	1.修改卡充电时，充电信息缓存中的充电方式设置为CHARGE_TYPE_CARD
	2.修改用户鉴权时，从数据库中tbl_electricpile表读取公司标识company_number做判断
=============================
2016.3.16
	动态配置监控服务端
=============================
2016.3.14
	1.实时监控捕捉异常
=============================
2016.3.10
	1.修改停止充电原因，电桩保护增加原因